f:\pclsync\lib\mbedtls\visualc\vs2010\debug\ssl_cache.obj
f:\pclsync\lib\mbedtls\visualc\vs2010\debug\x509write_crt.obj
f:\pclsync\lib\mbedtls\visualc\vs2010\debug\pk_wrap.obj
f:\pclsync\lib\mbedtls\visualc\vs2010\debug\x509_crt.obj
f:\pclsync\lib\mbedtls\visualc\vs2010\debug\rsa.obj
f:\pclsync\lib\mbedtls\visualc\vs2010\debug\asn1write.obj
f:\pclsync\lib\mbedtls\visualc\vs2010\debug\threading.obj
f:\pclsync\lib\mbedtls\visualc\vs2010\debug\pkcs12.obj
f:\pclsync\lib\mbedtls\visualc\vs2010\debug\md5.obj
f:\pclsync\lib\mbedtls\visualc\vs2010\debug\cipher_wrap.obj
f:\pclsync\lib\mbedtls\visualc\vs2010\debug\ecp_curves.obj
f:\pclsync\lib\mbedtls\visualc\vs2010\debug\ecp.obj
f:\pclsync\lib\mbedtls\visualc\vs2010\debug\des.obj
f:\pclsync\lib\mbedtls\visualc\vs2010\debug\net.obj
f:\pclsync\lib\mbedtls\visualc\vs2010\debug\ecdh.obj
f:\pclsync\lib\mbedtls\visualc\vs2010\debug\aesni.obj
f:\pclsync\lib\mbedtls\visualc\vs2010\debug\sha512.obj
f:\pclsync\lib\mbedtls\visualc\vs2010\debug\sha1.obj
f:\pclsync\lib\mbedtls\visualc\vs2010\debug\certs.obj
f:\pclsync\lib\mbedtls\visualc\vs2010\debug\x509write_csr.obj
f:\pclsync\lib\mbedtls\visualc\vs2010\debug\base64.obj
f:\pclsync\lib\mbedtls\visualc\vs2010\debug\x509_csr.obj
f:\pclsync\lib\mbedtls\visualc\vs2010\debug\pkcs11.obj
f:\pclsync\lib\mbedtls\visualc\vs2010\debug\version.obj
f:\pclsync\lib\mbedtls\visualc\vs2010\debug\entropy.obj
f:\pclsync\lib\mbedtls\visualc\vs2010\debug\ssl_ciphersuites.obj
f:\pclsync\lib\mbedtls\visualc\vs2010\debug\memory_buffer_alloc.obj
f:\pclsync\lib\mbedtls\visualc\vs2010\debug\md4.obj
f:\pclsync\lib\mbedtls\visualc\vs2010\debug\md2.obj
f:\pclsync\lib\mbedtls\visualc\vs2010\debug\ssl_srv.obj
f:\pclsync\lib\mbedtls\visualc\vs2010\debug\sha256.obj
f:\pclsync\lib\mbedtls\visualc\vs2010\debug\ssl_cli.obj
f:\pclsync\lib\mbedtls\visualc\vs2010\debug\ccm.obj
f:\pclsync\lib\mbedtls\visualc\vs2010\debug\pkwrite.obj
f:\pclsync\lib\mbedtls\visualc\vs2010\debug\arc4.obj
f:\pclsync\lib\mbedtls\visualc\vs2010\debug\pkparse.obj
f:\pclsync\lib\mbedtls\visualc\vs2010\debug\gcm.obj
f:\pclsync\lib\mbedtls\visualc\vs2010\debug\x509_crl.obj
f:\pclsync\lib\mbedtls\visualc\vs2010\debug\timing.obj
f:\pclsync\lib\mbedtls\visualc\vs2010\debug\oid.obj
f:\pclsync\lib\mbedtls\visualc\vs2010\debug\ssl_tls.obj
f:\pclsync\lib\mbedtls\visualc\vs2010\debug\ripemd160.obj
f:\pclsync\lib\mbedtls\visualc\vs2010\debug\platform.obj
f:\pclsync\lib\mbedtls\visualc\vs2010\debug\error.obj
f:\pclsync\lib\mbedtls\visualc\vs2010\debug\entropy_poll.obj
f:\pclsync\lib\mbedtls\visualc\vs2010\debug\aes.obj
f:\pclsync\lib\mbedtls\visualc\vs2010\debug\x509_create.obj
f:\pclsync\lib\mbedtls\visualc\vs2010\debug\bignum.obj
f:\pclsync\lib\mbedtls\visualc\vs2010\debug\debug.obj
f:\pclsync\lib\mbedtls\visualc\vs2010\debug\camellia.obj
f:\pclsync\lib\mbedtls\visualc\vs2010\debug\pk.obj
f:\pclsync\lib\mbedtls\visualc\vs2010\debug\padlock.obj
f:\pclsync\lib\mbedtls\visualc\vs2010\debug\version_features.obj
f:\pclsync\lib\mbedtls\visualc\vs2010\debug\x509.obj
f:\pclsync\lib\mbedtls\visualc\vs2010\debug\pbkdf2.obj
f:\pclsync\lib\mbedtls\visualc\vs2010\debug\cipher.obj
f:\pclsync\lib\mbedtls\visualc\vs2010\debug\md_wrap.obj
f:\pclsync\lib\mbedtls\visualc\vs2010\debug\ecdsa.obj
f:\pclsync\lib\mbedtls\visualc\vs2010\debug\havege.obj
f:\pclsync\lib\mbedtls\visualc\vs2010\debug\ctr_drbg.obj
f:\pclsync\lib\mbedtls\visualc\vs2010\debug\dhm.obj
f:\pclsync\lib\mbedtls\visualc\vs2010\debug\pem.obj
f:\pclsync\lib\mbedtls\visualc\vs2010\debug\hmac_drbg.obj
f:\pclsync\lib\mbedtls\visualc\vs2010\debug\md.obj
f:\pclsync\lib\mbedtls\visualc\vs2010\debug\blowfish.obj
f:\pclsync\lib\mbedtls\visualc\vs2010\debug\xtea.obj
f:\pclsync\lib\mbedtls\visualc\vs2010\debug\pkcs5.obj
f:\pclsync\lib\mbedtls\visualc\vs2010\debug\asn1parse.obj
f:\pclsync\lib\mbedtls\visualc\vs2010\debug\vc120.idb
f:\pclsync\lib\mbedtls\visualc\vs2010\debug\vc120.pdb
